TN:
SF:advanced\greet.js
FN:1,greet
FNF:1
FNH:1
FNDA:6,greet
DA:2,6
DA:3,6
DA:4,6
DA:6,6
DA:7,2
DA:8,1
DA:10,1
DA:14,4
DA:15,2
DA:16,1
DA:18,1
DA:23,2
DA:24,1
DA:26,1
DA:31,1
LF:15
LH:15
BRDA:6,0,0,2
BRDA:6,0,1,4
BRDA:7,1,0,1
BRDA:7,1,1,1
BRDA:14,2,0,2
BRDA:14,2,1,2
BRDA:15,3,0,1
BRDA:15,3,1,1
BRDA:23,4,0,1
BRDA:23,4,1,1
BRF:10
BRH:10
end_of_record
TN:
SF:advanced\isNerdy.js
FN:1,(anonymous_0)
FNF:1
FNH:1
FNDA:5,(anonymous_0)
DA:1,1
DA:2,5
DA:3,5
DA:4,4
DA:5,4
DA:6,2
DA:8,2
DA:9,1
DA:11,1
DA:12,1
DA:15,2
DA:16,2
DA:20,1
LF:13
LH:13
BRDA:5,0,0,2
BRDA:5,0,1,2
BRDA:8,1,0,1
BRDA:8,1,1,1
BRF:4
BRH:4
end_of_record
TN:
SF:simple\declareWinner.js
FN:1,declareWinner
FNF:1
FNH:1
FNDA:4,declareWinner
DA:4,4
DA:5,3
DA:6,3
DA:8,1
DA:9,1
DA:11,4
DA:12,31
DA:13,31
DA:14,17
DA:15,17
DA:16,3
DA:19,14
DA:20,14
DA:21,1
DA:27,1
LF:15
LH:15
BRDA:4,0,0,3
BRDA:4,0,1,1
BRDA:13,1,0,17
BRDA:13,1,1,14
BRDA:15,2,0,3
BRDA:15,2,1,14
BRDA:20,3,0,1
BRDA:20,3,1,13
BRF:8
BRH:8
end_of_record
TN:
SF:simple\findUnique.js
FN:1,findUniqe
FNF:1
FNH:1
FNDA:4,findUniqe
DA:2,4
DA:3,4
DA:5,4
DA:6,2
DA:7,2
DA:8,3
DA:9,3
DA:10,1
DA:14,2
DA:15,2
DA:16,1
DA:18,1
DA:23,1
LF:13
LH:13
BRDA:5,0,0,2
BRDA:5,0,1,2
BRDA:9,1,0,1
BRDA:9,1,1,2
BRDA:15,2,0,1
BRDA:15,2,1,1
BRF:6
BRH:6
end_of_record
TN:
SF:simple\gps.js
FN:1,gps
FNF:1
FNH:1
FNDA:3,gps
DA:2,3
DA:3,3
DA:4,3
DA:5,9
DA:6,9
DA:7,6
DA:8,6
DA:9,6
DA:12,3
DA:13,3
DA:14,6
DA:15,5
DA:18,3
DA:21,1
LF:14
LH:14
BRDA:6,0,0,6
BRDA:6,0,1,3
BRDA:14,1,0,5
BRDA:14,1,1,1
BRF:4
BRH:4
end_of_record
TN:
SF:simple\maxDiff.js
FN:1,maxDiff
FNF:1
FNH:1
FNDA:4,maxDiff
DA:2,4
DA:3,2
DA:6,2
DA:7,2
DA:9,2
DA:10,8
DA:11,8
DA:12,1
DA:14,8
DA:15,3
DA:19,2
DA:22,1
LF:12
LH:12
BRDA:2,0,0,2
BRDA:2,0,1,2
BRDA:2,1,0,4
BRDA:2,1,1,3
BRDA:11,2,0,1
BRDA:11,2,1,7
BRDA:14,3,0,3
BRDA:14,3,1,5
BRF:8
BRH:8
end_of_record
TN:
SF:simple\monkeyTalk.js
FN:1,(anonymous_0)
FN:5,(anonymous_1)
FN:7,(anonymous_2)
FNF:3
FNH:3
FNDA:3,(anonymous_0)
FNDA:3,(anonymous_1)
FNDA:4,(anonymous_2)
DA:1,1
DA:2,3
DA:5,3
DA:7,4
DA:11,1
LF:5
LH:5
BRDA:7,0,0,1
BRDA:7,0,1,3
BRF:2
BRH:2
end_of_record
TN:
SF:simple\palindromeChainLength.js
FN:1,(anonymous_0)
FN:9,(anonymous_1)
FN:14,(anonymous_2)
FNF:3
FNH:3
FNDA:14,(anonymous_0)
FNDA:9,(anonymous_1)
FNDA:4,(anonymous_2)
DA:1,1
DA:2,14
DA:3,14
DA:4,14
DA:5,14
DA:6,14
DA:9,1
DA:10,9
DA:11,9
DA:14,1
DA:15,4
DA:16,2
DA:19,2
DA:20,2
DA:21,2
DA:22,2
DA:23,5
DA:24,5
DA:25,5
DA:26,5
DA:27,2
DA:29,3
DA:35,1
DA:36,1
DA:37,1
LF:25
LH:25
BRDA:15,0,0,2
BRDA:15,0,1,2
BRDA:26,1,0,2
BRDA:26,1,1,3
BRF:4
BRH:4
end_of_record
TN:
SF:simple\uniqueInOrder.js
FN:1,(anonymous_0)
FNF:1
FNH:1
FNDA:4,(anonymous_0)
DA:1,1
DA:2,4
DA:3,4
DA:4,13
DA:5,13
DA:6,13
DA:7,3
DA:9,10
DA:10,5
DA:14,4
DA:17,1
LF:11
LH:11
BRDA:6,0,0,3
BRDA:6,0,1,10
BRDA:9,1,0,5
BRDA:9,1,1,5
BRF:4
BRH:4
end_of_record
